#
# There is insufficient memory for the Java Runtime Environment to continue.
# Native memory allocation (mmap) failed to map 132120576 bytes. Error detail: G1 virtual space
# Possible reasons:
#   The system is out of physical RAM or swap space
#   This process is running with CompressedOops enabled, and the Java Heap may be blocking the growth of the native heap
# Possible solutions:
#   Reduce memory load on the system
#   Increase physical memory or swap space
#   Check if swap backing store is full
#   Decrease Java heap size (-Xmx/-Xms)
#   Decrease number of Java threads
#   Decrease Java thread stack sizes (-Xss)
#   Set larger code cache with -XX:ReservedCodeCacheSize=
#   JVM is running with Unscaled Compressed Oops mode in which the Java heap is
#     placed in the first 4GB address space. The Java Heap base address is the
#     maximum limit for the native heap growth. Please use -XX:HeapBaseMinAddress
#     to set the Java Heap base and to place the Java Heap above 4GB virtual address.
# This output file may be truncated or incomplete.
#
#  Out of Memory Error (os_windows.cpp:3710), pid=10728, tid=20832
#
# JRE version:  (17.0.15+6) (build )
# Java VM: OpenJDK 64-Bit Server VM (17.0.15+6-LTS, mixed mode, sharing, tiered, compressed oops, compressed class ptrs, g1 gc, windows-amd64)
# No core dump will be written. Minidumps are not enabled by default on client versions of Windows
#

---------------  S U M M A R Y ------------

Command Line: com.google.prefab.cli.AppKt --build-system cmake --platform android --abi arm64-v8a --os-version 24 --stl c++_shared --ndk-version 27 --output C:\\Users\\kaush\\AppData\\Local\\Temp\\agp-prefab-staging17917948121349154511\\staged-cli-output C:\\Users\\kaush\\.gradle\\caches\\9.0.0\\transforms\\8b5d5037fd8d68f82f080acd77cc2097\\transformed\\react-android-0.82.1-debug\\prefab C:\\Users\\kaush\\.gradle\\caches\\9.0.0\\transforms\\7841439db7be97e05a2d99b54cbeeab0\\transformed\\hermes-android-0.82.1-debug\\prefab C:\\Users\\kaush\\.gradle\\caches\\9.0.0\\transforms\\6481d3cfc6962c9e4ee9ad684ad7d351\\transformed\\fbjni-0.7.0\\prefab

Host: Intel(R) Core(TM) i5-10300H CPU @ 2.50GHz, 8 cores, 7G,  Windows 11 , 64 bit Build 26100 (10.0.26100.7019)
Time: Sun Dec  7 15:14:18 2025 India Standard Time elapsed time: 1.380976 seconds (0d 0h 0m 1s)

---------------  T H R E A D  ---------------

Current thread (0x000001c31602b730):  JavaThread "Unknown thread" [_thread_in_vm, id=20832, stack(0x00000089afe00000,0x00000089aff00000)]

Stack: [0x00000089afe00000,0x00000089aff00000]
Native frames: (J=compiled Java code, j=interpreted, Vv=VM code, C=native code)
V  [jvm.dll+0x6887a9]
V  [jvm.dll+0x83f5a8]
V  [jvm.dll+0x841053]
V  [jvm.dll+0x8416c3]
V  [jvm.dll+0x2496ef]
V  [jvm.dll+0x6856e9]
V  [jvm.dll+0x679b7a]
V  [jvm.dll+0x30b0d7]
V  [jvm.dll+0x312646]
V  [jvm.dll+0x36300e]
V  [jvm.dll+0x36324d]
V  [jvm.dll+0x2e236c]
V  [jvm.dll+0x2e3284]
V  [jvm.dll+0x8114db]
V  [jvm.dll+0x370d21]
V  [jvm.dll+0x7f011f]
V  [jvm.dll+0x3f781e]
V  [jvm.dll+0x3f9351]
C  [jli.dll+0x52a0]
C  [ucrtbase.dll+0x37b0]
C  [KERNEL32.DLL+0x2e8d7]
C  [ntdll.dll+0x8c53c]


---------------  P R O C E S S  ---------------

Threads class SMR info:
_java_thread_list=0x00007ff8f162efd8, length=0, elements={
}

Java Threads: ( => current thread )

Other Threads:
  0x000001c31608b2e0 GCTaskThread "GC Thread#0" [stack: 0x00000089aff00000,0x00000089b0000000] [id=20472]
  0x000001c31609bc40 ConcurrentGCThread "G1 Main Marker" [stack: 0x00000089b0000000,0x00000089b0100000] [id=17740]
  0x000001c31609c570 ConcurrentGCThread "G1 Conc#0" [stack: 0x00000089b0100000,0x00000089b0200000] [id=4588]

[error occurred during error reporting (printing all threads), id 0xc0000005, EXCEPTION_ACCESS_VIOLATION (0xc0000005) at pc=0x00007ff8f0de2ec7]

VM state: not at safepoint (not fully initialized)

VM Mutex/Monitor currently owned by a thread:  ([mutex/lock_event])
[0x000001c3160290f0] Heap_lock - owner thread: 0x000001c31602b730

Heap address: 0x0000000082800000, size: 2008 MB, Compressed Oops mode: 32-bit

CDS archive(s) mapped at: [0x0000000000000000-0x0000000000000000-0x0000000000000000), size 0, SharedBaseAddress: 0x0000000800000000, ArchiveRelocationMode: 1.
Narrow klass base: 0x0000000000000000, Narrow klass shift: 0, Narrow klass range: 0x0

GC Precious Log:
<Empty>

Heap:
 garbage-first heap   total 0K, used 0K [0x0000000082800000, 0x0000000100000000)
  region size 1024K, 0 young (0K), 0 survivors (0K)

[error occurred during error reporting (printing heap information), id 0xc0000005, EXCEPTION_ACCESS_VIOLATION (0xc0000005) at pc=0x00007ff8f11d2339]

GC Heap History (0 events):
No events

Dll operation events (1 events):
Event: 0.029 Loaded shared library C:\Program Files\Microsoft\jdk-17.0.15.6-hotspot\bin\java.dll

Deoptimization events (0 events):
No events

Classes loaded (0 events):
No events

Classes unloaded (0 events):
No events

Classes redefined (0 events):
No events

Internal exceptions (0 events):
No events

VM Operations (0 events):
No events

Memory protections (0 events):
No events

Nmethod flushes (0 events):
No events

Events (0 events):
No events


Dynamic libraries:
0x00007ff778ef0000 - 0x00007ff778efe000 	C:\Program Files\Microsoft\jdk-17.0.15.6-hotspot\bin\java.exe
0x00007ff9a52e0000 - 0x00007ff9a5548000 	C:\WINDOWS\SYSTEM32\ntdll.dll
0x00007ff9a4ca0000 - 0x00007ff9a4d69000 	C:\WINDOWS\System32\KERNEL32.DLL
0x00007ff9a24e0000 - 0x00007ff9a28d8000 	C:\WINDOWS\System32\KERNELBASE.dll
0x00007ff9a2d90000 - 0x00007ff9a2edb000 	C:\WINDOWS\System32\ucrtbase.dll
0x00007ff948460000 - 0x00007ff948477000 	C:\Program Files\Microsoft\jdk-17.0.15.6-hotspot\bin\jli.dll
0x00007ff9a48a0000 - 0x00007ff9a4a67000 	C:\WINDOWS\System32\USER32.dll
0x00007ff9a2fa0000 - 0x00007ff9a2fc7000 	C:\WINDOWS\System32\win32u.dll
0x00007ff9a5270000 - 0x00007ff9a529b000 	C:\WINDOWS\System32\GDI32.dll
0x00007ff9a2a60000 - 0x00007ff9a2b8c000 	C:\WINDOWS\System32\gdi32full.dll
0x00007ff9a2430000 - 0x00007ff9a24d3000 	C:\WINDOWS\System32\msvcp_win.dll
0x00007ff965070000 - 0x00007ff96508d000 	C:\Program Files\Microsoft\jdk-17.0.15.6-hotspot\bin\VCRUNTIME140.dll
0x00007ff98c590000 - 0x00007ff98c824000 	C:\WINDOWS\WinSxS\amd64_microsoft.windows.common-controls_6595b64144ccf1df_6.0.26100.7019_none_3e06ffa0e335b8a8\COMCTL32.dll
0x00007ff9a4570000 - 0x00007ff9a4619000 	C:\WINDOWS\System32\msvcrt.dll
0x00007ff9a51a0000 - 0x00007ff9a51d1000 	C:\WINDOWS\System32\IMM32.DLL
0x00007ff9784a0000 - 0x00007ff9784ac000 	C:\Program Files\Microsoft\jdk-17.0.15.6-hotspot\bin\vcruntime140_1.dll
0x00007ff944ab0000 - 0x00007ff944b3d000 	C:\Program Files\Microsoft\jdk-17.0.15.6-hotspot\bin\msvcp140.dll
0x00007ff8f0af0000 - 0x00007ff8f1762000 	C:\Program Files\Microsoft\jdk-17.0.15.6-hotspot\bin\server\jvm.dll
0x00007ff9a3080000 - 0x00007ff9a3134000 	C:\WINDOWS\System32\ADVAPI32.dll
0x00007ff9a4fd0000 - 0x00007ff9a5076000 	C:\WINDOWS\System32\sechost.dll
0x00007ff9a5080000 - 0x00007ff9a5198000 	C:\WINDOWS\System32\RPCRT4.dll
0x00007ff9a4d70000 - 0x00007ff9a4de4000 	C:\WINDOWS\System32\WS2_32.dll
0x00007ff9a2290000 - 0x00007ff9a22ee000 	C:\WINDOWS\SYSTEM32\POWRPROF.dll
0x00007ff98fc30000 - 0x00007ff98fc65000 	C:\WINDOWS\SYSTEM32\WINMM.dll
0x00007ff997960000 - 0x00007ff99796b000 	C:\WINDOWS\SYSTEM32\VERSION.dll
0x00007ff9a2270000 - 0x00007ff9a2284000 	C:\WINDOWS\SYSTEM32\UMPDC.dll
0x00007ff9a11c0000 - 0x00007ff9a11db000 	C:\WINDOWS\SYSTEM32\kernel.appcore.dll
0x00007ff9714d0000 - 0x00007ff9714da000 	C:\Program Files\Microsoft\jdk-17.0.15.6-hotspot\bin\jimage.dll
0x00007ff99fb30000 - 0x00007ff99fd72000 	C:\WINDOWS\SYSTEM32\DBGHELP.DLL
0x00007ff9a3d20000 - 0x00007ff9a40ab000 	C:\WINDOWS\System32\combase.dll
0x00007ff9a4ed0000 - 0x00007ff9a4fa7000 	C:\WINDOWS\System32\OLEAUT32.dll
0x00007ff976940000 - 0x00007ff97697c000 	C:\WINDOWS\SYSTEM32\dbgcore.DLL
0x00007ff9a2fd0000 - 0x00007ff9a3075000 	C:\WINDOWS\System32\bcryptPrimitives.dll
0x00007ff948430000 - 0x00007ff948455000 	C:\Program Files\Microsoft\jdk-17.0.15.6-hotspot\bin\java.dll

dbghelp: loaded successfully - version: 4.0.5 - missing functions: none
symbol engine: initialized successfully - sym options: 0x614 - pdb path: .;C:\Program Files\Microsoft\jdk-17.0.15.6-hotspot\bin;C:\WINDOWS\SYSTEM32;C:\WINDOWS\WinSxS\amd64_microsoft.windows.common-controls_6595b64144ccf1df_6.0.26100.7019_none_3e06ffa0e335b8a8;C:\Program Files\Microsoft\jdk-17.0.15.6-hotspot\bin\server

VM Arguments:
java_command: com.google.prefab.cli.AppKt --build-system cmake --platform android --abi arm64-v8a --os-version 24 --stl c++_shared --ndk-version 27 --output C:\\Users\\kaush\\AppData\\Local\\Temp\\agp-prefab-staging17917948121349154511\\staged-cli-output C:\\Users\\kaush\\.gradle\\caches\\9.0.0\\transforms\\8b5d5037fd8d68f82f080acd77cc2097\\transformed\\react-android-0.82.1-debug\\prefab C:\\Users\\kaush\\.gradle\\caches\\9.0.0\\transforms\\7841439db7be97e05a2d99b54cbeeab0\\transformed\\hermes-android-0.82.1-debug\\prefab C:\\Users\\kaush\\.gradle\\caches\\9.0.0\\transforms\\6481d3cfc6962c9e4ee9ad684ad7d351\\transformed\\fbjni-0.7.0\\prefab
java_class_path (initial): C:\\Users\\kaush\\.gradle\\caches\\modules-2\\files-2.1\\com.google.prefab\\cli\\2.1.0\\aa32fec809c44fa531f01dcfb739b5b3304d3050\\cli-2.1.0-all.jar
Launcher Type: SUN_STANDARD

[Global flags]
     intx CICompilerCount                          = 4                                         {product} {ergonomic}
     uint ConcGCThreads                            = 2                                         {product} {ergonomic}
     uint G1ConcRefinementThreads                  = 8                                         {product} {ergonomic}
   size_t G1HeapRegionSize                         = 1048576                                   {product} {ergonomic}
    uintx GCDrainStackTargetSize                   = 64                                        {product} {ergonomic}
   size_t InitialHeapSize                          = 132120576                                 {product} {ergonomic}
   size_t MarkStackSize                            = 4194304                                   {product} {ergonomic}
   size_t MaxHeapSize                              = 2105540608                                {product} {ergonomic}
   size_t MinHeapDeltaBytes                        = 1048576                                   {product} {ergonomic}
   size_t MinHeapSize                              = 8388608                                   {product} {ergonomic}
    uintx NonNMethodCodeHeapSize                   = 5839372                                {pd product} {ergonomic}
    uintx NonProfiledCodeHeapSize                  = 122909434                              {pd product} {ergonomic}
    uintx ProfiledCodeHeapSize                     = 122909434                              {pd product} {ergonomic}
    uintx ReservedCodeCacheSize                    = 251658240                              {pd product} {ergonomic}
     bool SegmentedCodeCache                       = true                                      {product} {ergonomic}
   size_t SoftMaxHeapSize                          = 2105540608                             {manageable} {ergonomic}
     bool UseCompressedClassPointers               = true                           {product lp64_product} {ergonomic}
     bool UseCompressedOops                        = true                           {product lp64_product} {ergonomic}
     bool UseG1GC                                  = true                                      {product} {ergonomic}
     bool UseLargePagesIndividualAllocation        = false                                  {pd product} {ergonomic}

Logging:
Log output configuration:
 #0: stdout all=warning uptime,level,tags
 #1: stderr all=off uptime,level,tags

Environment Variables:
JAVA_HOME=C:\Program Files\Microsoft\jdk-17.0.15.6-hotspot\
PATH=C:\Users\kaush\OneDrive\Desktop\TODO\TodoApp\node_modules\.bin;C:\Users\kaush\OneDrive\Desktop\TODO\TodoApp\node_modules\.bin;C:\Users\kaush\OneDrive\Desktop\TODO\node_modules\.bin;C:\Users\kaush\OneDrive\Desktop\node_modules\.bin;C:\Users\kaush\OneDrive\node_modules\.bin;C:\Users\kaush\node_modules\.bin;C:\Users\node_modules\.bin;C:\node_modules\.bin;C:\Users\kaush\AppData\Roaming\npm\node_modules\npm\node_modules\@npmcli\run-script\lib\node-gyp-bin;C:\Program Files\Microsoft\jdk-17.0.15.6-hotspot\bin;C:\Python313\Scripts\;C:\Python313\;C:\WINDOWS\system32;C:\WINDOWS;C:\WINDOWS\System32\Wbem;C:\WINDOWS\System32\WindowsPowerShell\v1.0\;C:\WINDOWS\System32\OpenSSH\;C:\Program Files\nodejs\;C:\ProgramData\chocolatey\bin;C:\Program Files\dotnet\;C:\Users\kaush\AppData\Local\Android\Sdk\platform-tools;C:\Program Files\Git\cmd;C:\Program Files\Git\bin;C:\Users\kaush\AppData\Local\Microsoft\WindowsApps;C:\Users\kaush\AppData\Roaming\npm;C:\Users\kaush\AppData\Local\Programs\Microsoft VS Code\bin;
USERNAME=kaush
LANG=en_US.UTF-8
OS=Windows_NT
PROCESSOR_IDENTIFIER=Intel64 Family 6 Model 165 Stepping 2, GenuineIntel
TMP=C:\Users\kaush\AppData\Local\Temp
TEMP=C:\Users\kaush\AppData\Local\Temp



Periodic native trim disabled


---------------  S Y S T E M  ---------------

OS:
 Windows 11 , 64 bit Build 26100 (10.0.26100.7019)
OS uptime: 1 days 0:31 hours
Hyper-V role detected

CPU: total 8 (initial active 8) (4 cores per cpu, 2 threads per core) family 6 model 165 stepping 2 microcode 0xe0, cx8, cmov, fxsr, ht, mmx, 3dnowpref, sse, sse2, sse3, ssse3, sse4.1, sse4.2, popcnt, lzcnt, tsc, tscinvbit, avx, avx2, aes, erms, clmul, bmi1, bmi2, adx, fma, vzeroupper, clflush, clflushopt, hv
Processor Information for the first 8 processors :
  Max Mhz: 2496, Current Mhz: 2496, Mhz Limit: 2496

Memory: 4k page, system-wide physical 8029M (407M free)
TotalPageFile size 32605M (AvailPageFile size 95M)
current process WorkingSet (physical memory assigned to process): 12M, peak: 12M
current process commit charge ("private bytes"): 60M, peak: 186M

vm_info: OpenJDK 64-Bit Server VM (17.0.15+6-LTS) for windows-amd64 JRE (17.0.15+6-LTS), built on Apr  9 2025 22:27:25 by "MicrosoftCorporation" with unknown MS VC++:1939

END.
